  26331 1018
   4275 1023
   7975 1024
 191767 1026
     62 1028
     85 104
      1 1054
     12 1089
      9 1096
  45935 1125
  15216 1135
      1 1150
    741 1175
    856 1176
   2834 1177
    762 1178
   1245 1179
   8625 1180
   1258 1181
   1152 1182
    958 1183
   1335 1184
   2994 1185
   1508 1186
   2107 1187
    764 1188
    994 1192
      3 1198
    754 12
      1 1207
     62 1217
   4261 1223
     36 1224
     36 1225
   3345 1227
  26128 1228
     11 1233
    456 1238
      2 1245
    107 1275
      1 1287
     10 130
     25 1308
      2 1311
     12 1315
      4 1391
      4 1404
      6 1405
    270 1547
     95 1576
      1 1577
     42 1585
      1 1586
  12007 1588
 102810 1590
      3 1601
     33 1624
    108 1629
     83 1635
    428 1654
   3738 1666
     29 17
      1 1703
     50 1775
     11 1791
      1 1878
  13396 20
      2 2184
    520 2189
    520 2190
   3536 2195
      5 2213
      9 2251
     40 2317
    111 2324
      1 2342
     21 2357
     10 2358
     33 28
      1 31
      7 415
     52 416
     12 44
 429492 47
  24792 50
  24792 51
    125 665
      6 671
      1 68
      1 69
    181 722
      4 728
      7 738
      2 739
      2 740
     42 76
   1762 83
     57 863
     31 867
 121027 888
 903189 889
  25914 902
  24792 903
     19 925
     52 926
     12 958
