  26331 1063
   4275 1068
   7975 1069
 191767 1071
     62 1073
     85 109
      1 1101
     12 1137
      9 1145
  45935 1180
  15216 1190
    754 12
      1 1206
    741 1232
    856 1233
   2834 1234
    762 1235
   1245 1236
   8625 1237
   1258 1238
   1152 1239
    958 1240
   1335 1241
   2994 1242
   1508 1243
   2107 1244
    764 1245
    994 1249
      1 1255
      3 1256
      1 1266
     62 1277
 218455 1281
   4261 1284
     36 1285
     36 1286
   3345 1290
  26128 1291
     11 1296
    456 1302
      2 1309
    107 1349
      1 1364
     10 137
     25 1388
    250 1391
      2 1392
     12 1396
      4 1484
      4 1499
      6 1500
    270 1676
     29 17
    282 1709
     95 1710
      1 1711
     42 1719
      1 1720
    283 1721
  12007 1723
   5286 1724
 102810 1726
   1355 1727
  11344 1728
      3 1740
     33 1771
    108 1780
     83 1788
    428 1807
   3738 1819
      1 1858
     50 1934
     11 1951
  13396 20
      1 2042
      2 2351
    520 2356
    520 2357
    199 2361
   3536 2363
      5 2385
      9 2425
      2 2447
     40 2494
      1 2503
    111 2504
      1 2522
     21 2537
     10 2538
     33 29
      1 32
      7 422
     52 423
   9552 428
     12 45
 429492 48
  24792 51
  24792 52
    125 674
      6 680
      1 69
      1 70
    181 736
      4 742
      7 754
      2 755
      2 756
     42 81
   1762 88
     57 886
     31 890
2967680 912
 121027 913
 903189 914
  25914 928
  24792 929
     19 951
     52 952
      8 985
     12 989
